2023-12-08 07:01:03,706 CRIT Supervisor is running as root.  Privileges were not dropped because no user is specified in the config file.  If you intend to run as root, you can set user=root in the config file to avoid this message.
2023-12-08 07:01:03,706 INFO Included extra file "/etc/supervisor/conf.d/supervisord.conf" during parsing
2023-12-08 07:01:03,748 INFO RPC interface 'supervisor' initialized
2023-12-08 07:01:03,748 CRIT Server 'unix_http_server' running without any HTTP authentication checking
2023-12-08 07:01:03,749 INFO supervisord started with pid 1
2023-12-08 07:01:04,755 INFO spawned: 'php-fpm' with pid 620
2023-12-08 07:01:04,759 INFO spawned: 'nginx' with pid 621
2023-12-08 07:01:04,764 INFO spawned: 'nslcd' with pid 622
2023-12-08 07:01:04,768 INFO spawned: 'vsftpd' with pid 623
2023-12-08 07:01:04,773 INFO spawned: 'sftp' with pid 624
2023-12-08 07:01:04,887 INFO exited: vsftpd (exit status 2; not expected)
2023-12-08 07:01:06,120 INFO success: php-fpm entered RUNNING state, process has stayed up for > than 1 seconds (startsecs)
2023-12-08 07:01:06,120 INFO success: nginx entered RUNNING state, process has stayed up for > than 1 seconds (startsecs)
2023-12-08 07:01:06,121 INFO success: nslcd entered RUNNING state, process has stayed up for > than 1 seconds (startsecs)
2023-12-08 07:01:06,123 INFO spawned: 'vsftpd' with pid 625
2023-12-08 07:01:06,124 INFO success: sftp entered RUNNING state, process has stayed up for > than 1 seconds (startsecs)
2023-12-08 07:01:06,252 INFO exited: vsftpd (exit status 2; not expected)
2023-12-08 07:01:06,283 INFO exited: nginx (exit status 1; not expected)
2023-12-08 07:01:06,341 INFO spawned: 'nginx' with pid 626
2023-12-08 07:01:06,434 INFO exited: nginx (exit status 1; not expected)
2023-12-08 07:01:07,452 INFO spawned: 'nginx' with pid 634
2023-12-08 07:01:07,488 INFO exited: nginx (exit status 1; not expected)
2023-12-08 07:01:08,513 INFO spawned: 'vsftpd' with pid 635
2023-12-08 07:01:08,528 INFO exited: vsftpd (exit status 2; not expected)
2023-12-08 07:01:09,544 INFO spawned: 'nginx' with pid 636
2023-12-08 07:01:09,579 INFO exited: nginx (exit status 1; not expected)
2023-12-08 07:01:11,815 INFO spawned: 'vsftpd' with pid 637
2023-12-08 07:01:11,830 INFO exited: vsftpd (exit status 2; not expected)
2023-12-08 07:01:12,836 INFO spawned: 'nginx' with pid 638
2023-12-08 07:01:12,838 INFO gave up: vsftpd entered FATAL state, too many start retries too quickly
2023-12-08 07:01:12,873 INFO exited: nginx (exit status 1; not expected)
2023-12-08 07:01:13,986 INFO gave up: nginx entered FATAL state, too many start retries too quickly
2023-12-08 07:09:34,682 CRIT Supervisor is running as root.  Privileges were not dropped because no user is specified in the config file.  If you intend to run as root, you can set user=root in the config file to avoid this message.
2023-12-08 07:09:34,682 INFO Included extra file "/etc/supervisor/conf.d/supervisord.conf" during parsing
2023-12-08 07:09:34,767 INFO RPC interface 'supervisor' initialized
2023-12-08 07:09:34,767 CRIT Server 'unix_http_server' running without any HTTP authentication checking
2023-12-08 07:09:34,768 INFO supervisord started with pid 1
2023-12-08 07:09:35,774 INFO spawned: 'php-fpm' with pid 620
2023-12-08 07:09:35,779 INFO spawned: 'nginx' with pid 621
2023-12-08 07:09:35,784 INFO spawned: 'nslcd' with pid 622
2023-12-08 07:09:35,791 INFO spawned: 'vsftpd' with pid 623
2023-12-08 07:09:35,803 INFO spawned: 'sftp' with pid 624
2023-12-08 07:09:35,887 INFO exited: vsftpd (exit status 2; not expected)
2023-12-08 07:09:37,194 INFO success: php-fpm entered RUNNING state, process has stayed up for > than 1 seconds (startsecs)
2023-12-08 07:09:37,194 INFO success: nginx entered RUNNING state, process has stayed up for > than 1 seconds (startsecs)
2023-12-08 07:09:37,194 INFO success: nslcd entered RUNNING state, process has stayed up for > than 1 seconds (startsecs)
2023-12-08 07:09:37,196 INFO spawned: 'vsftpd' with pid 625
2023-12-08 07:09:37,197 INFO success: sftp entered RUNNING state, process has stayed up for > than 1 seconds (startsecs)
2023-12-08 07:09:37,294 INFO exited: vsftpd (exit status 2; not expected)
2023-12-08 07:09:37,388 INFO exited: nginx (exit status 1; not expected)
2023-12-08 07:09:37,406 INFO spawned: 'nginx' with pid 626
2023-12-08 07:09:37,453 INFO exited: nginx (exit status 1; not expected)
2023-12-08 07:09:38,483 INFO spawned: 'nginx' with pid 634
2023-12-08 07:09:38,518 INFO exited: nginx (exit status 1; not expected)
2023-12-08 07:09:39,524 INFO spawned: 'vsftpd' with pid 635
2023-12-08 07:09:39,539 INFO exited: vsftpd (exit status 2; not expected)
2023-12-08 07:09:40,546 INFO spawned: 'nginx' with pid 636
2023-12-08 07:09:40,581 INFO exited: nginx (exit status 1; not expected)
2023-12-08 07:09:42,599 INFO spawned: 'vsftpd' with pid 637
2023-12-08 07:09:42,613 INFO exited: vsftpd (exit status 2; not expected)
2023-12-08 07:09:43,620 INFO spawned: 'nginx' with pid 638
2023-12-08 07:09:43,622 INFO gave up: vsftpd entered FATAL state, too many start retries too quickly
2023-12-08 07:09:43,656 INFO exited: nginx (exit status 1; not expected)
2023-12-08 07:09:44,658 INFO gave up: nginx entered FATAL state, too many start retries too quickly
2023-12-08 07:19:44,258 CRIT Supervisor is running as root.  Privileges were not dropped because no user is specified in the config file.  If you intend to run as root, you can set user=root in the config file to avoid this message.
2023-12-08 07:19:44,258 INFO Included extra file "/etc/supervisor/conf.d/supervisord.conf" during parsing
2023-12-08 07:19:44,345 INFO RPC interface 'supervisor' initialized
2023-12-08 07:19:44,345 CRIT Server 'unix_http_server' running without any HTTP authentication checking
2023-12-08 07:19:44,346 INFO supervisord started with pid 1
2023-12-08 07:19:45,352 INFO spawned: 'php-fpm' with pid 620
2023-12-08 07:19:45,358 INFO spawned: 'nginx' with pid 621
2023-12-08 07:19:45,363 INFO spawned: 'nslcd' with pid 622
2023-12-08 07:19:45,368 INFO spawned: 'vsftpd' with pid 623
2023-12-08 07:19:45,373 INFO spawned: 'sftp' with pid 624
2023-12-08 07:19:45,584 INFO exited: vsftpd (exit status 2; not expected)
2023-12-08 07:19:46,891 INFO success: php-fpm entered RUNNING state, process has stayed up for > than 1 seconds (startsecs)
2023-12-08 07:19:46,891 INFO success: nginx entered RUNNING state, process has stayed up for > than 1 seconds (startsecs)
2023-12-08 07:19:46,891 INFO success: nslcd entered RUNNING state, process has stayed up for > than 1 seconds (startsecs)
2023-12-08 07:19:46,894 INFO spawned: 'vsftpd' with pid 625
2023-12-08 07:19:46,896 INFO success: sftp entered RUNNING state, process has stayed up for > than 1 seconds (startsecs)
2023-12-08 07:19:46,979 INFO exited: vsftpd (exit status 2; not expected)
2023-12-08 07:19:47,323 INFO exited: nginx (exit status 1; not expected)
2023-12-08 07:19:47,329 INFO spawned: 'nginx' with pid 631
2023-12-08 07:19:47,404 INFO exited: nginx (exit status 1; not expected)
2023-12-08 07:19:48,422 INFO spawned: 'nginx' with pid 635
2023-12-08 07:19:48,461 INFO exited: nginx (exit status 1; not expected)
2023-12-08 07:19:49,467 INFO spawned: 'vsftpd' with pid 637
2023-12-08 07:19:49,483 INFO exited: vsftpd (exit status 2; not expected)
2023-12-08 07:19:50,489 INFO spawned: 'nginx' with pid 639
2023-12-08 07:19:50,527 INFO exited: nginx (exit status 1; not expected)
2023-12-08 07:19:52,535 INFO spawned: 'vsftpd' with pid 640
2023-12-08 07:19:52,550 INFO exited: vsftpd (exit status 2; not expected)
2023-12-08 07:19:53,557 INFO spawned: 'nginx' with pid 641
2023-12-08 07:19:53,558 INFO gave up: vsftpd entered FATAL state, too many start retries too quickly
2023-12-08 07:19:53,594 INFO exited: nginx (exit status 1; not expected)
2023-12-08 07:19:54,596 INFO gave up: nginx entered FATAL state, too many start retries too quickly
2023-12-08 07:32:54,242 CRIT Supervisor is running as root.  Privileges were not dropped because no user is specified in the config file.  If you intend to run as root, you can set user=root in the config file to avoid this message.
2023-12-08 07:32:54,252 INFO Included extra file "/etc/supervisor/conf.d/supervisord.conf" during parsing
2023-12-08 07:32:54,328 INFO RPC interface 'supervisor' initialized
2023-12-08 07:32:54,328 CRIT Server 'unix_http_server' running without any HTTP authentication checking
2023-12-08 07:32:54,329 INFO supervisord started with pid 1
2023-12-08 07:32:55,344 INFO spawned: 'php-fpm' with pid 620
2023-12-08 07:32:55,348 INFO spawned: 'nginx' with pid 621
2023-12-08 07:32:55,353 INFO spawned: 'nslcd' with pid 622
2023-12-08 07:32:55,363 INFO spawned: 'vsftpd' with pid 623
2023-12-08 07:32:55,368 INFO spawned: 'sftp' with pid 624
2023-12-08 07:32:55,574 INFO exited: vsftpd (exit status 2; not expected)
2023-12-08 07:32:57,134 INFO success: php-fpm entered RUNNING state, process has stayed up for > than 1 seconds (startsecs)
2023-12-08 07:32:57,134 INFO success: nginx entered RUNNING state, process has stayed up for > than 1 seconds (startsecs)
2023-12-08 07:32:57,134 INFO success: nslcd entered RUNNING state, process has stayed up for > than 1 seconds (startsecs)
2023-12-08 07:32:57,136 INFO spawned: 'vsftpd' with pid 625
2023-12-08 07:32:57,137 INFO success: sftp entered RUNNING state, process has stayed up for > than 1 seconds (startsecs)
2023-12-08 07:32:57,145 INFO exited: vsftpd (exit status 2; not expected)
2023-12-08 07:32:57,584 INFO exited: nginx (exit status 1; not expected)
2023-12-08 07:32:57,657 INFO spawned: 'nginx' with pid 631
2023-12-08 07:32:57,698 INFO exited: nginx (exit status 1; not expected)
2023-12-08 07:32:58,728 INFO spawned: 'nginx' with pid 634
2023-12-08 07:32:58,830 INFO exited: nginx (exit status 1; not expected)
2023-12-08 07:32:59,837 INFO spawned: 'vsftpd' with pid 637
2023-12-08 07:32:59,853 INFO exited: vsftpd (exit status 2; not expected)
2023-12-08 07:33:00,860 INFO spawned: 'nginx' with pid 639
2023-12-08 07:33:00,903 INFO exited: nginx (exit status 1; not expected)
2023-12-08 07:33:02,911 INFO spawned: 'vsftpd' with pid 640
2023-12-08 07:33:02,927 INFO exited: vsftpd (exit status 2; not expected)
2023-12-08 07:33:03,934 INFO spawned: 'nginx' with pid 641
2023-12-08 07:33:03,935 INFO gave up: vsftpd entered FATAL state, too many start retries too quickly
2023-12-08 07:33:03,970 INFO exited: nginx (exit status 1; not expected)
2023-12-08 07:33:04,973 INFO gave up: nginx entered FATAL state, too many start retries too quickly
2023-12-08 07:47:51,661 CRIT Supervisor is running as root.  Privileges were not dropped because no user is specified in the config file.  If you intend to run as root, you can set user=root in the config file to avoid this message.
2023-12-08 07:47:51,662 INFO Included extra file "/etc/supervisor/conf.d/supervisord.conf" during parsing
2023-12-08 07:47:51,738 INFO RPC interface 'supervisor' initialized
2023-12-08 07:47:51,739 CRIT Server 'unix_http_server' running without any HTTP authentication checking
2023-12-08 07:47:51,740 INFO supervisord started with pid 1
2023-12-08 07:47:52,746 INFO spawned: 'php-fpm' with pid 620
2023-12-08 07:47:52,751 INFO spawned: 'nginx' with pid 621
2023-12-08 07:47:52,756 INFO spawned: 'nslcd' with pid 622
2023-12-08 07:47:52,760 INFO spawned: 'vsftpd' with pid 623
2023-12-08 07:47:52,765 INFO spawned: 'sftp' with pid 624
2023-12-08 07:47:52,981 INFO exited: vsftpd (exit status 2; not expected)
2023-12-08 07:47:54,290 INFO success: php-fpm entered RUNNING state, process has stayed up for > than 1 seconds (startsecs)
2023-12-08 07:47:54,290 INFO success: nginx entered RUNNING state, process has stayed up for > than 1 seconds (startsecs)
2023-12-08 07:47:54,291 INFO success: nslcd entered RUNNING state, process has stayed up for > than 1 seconds (startsecs)
2023-12-08 07:47:54,293 INFO spawned: 'vsftpd' with pid 625
2023-12-08 07:47:54,294 INFO success: sftp entered RUNNING state, process has stayed up for > than 1 seconds (startsecs)
2023-12-08 07:47:54,302 INFO exited: vsftpd (exit status 2; not expected)
2023-12-08 07:47:54,473 INFO exited: nginx (exit status 1; not expected)
2023-12-08 07:47:54,499 INFO spawned: 'nginx' with pid 626
2023-12-08 07:47:54,535 INFO exited: nginx (exit status 1; not expected)
2023-12-08 07:47:55,679 INFO spawned: 'nginx' with pid 635
2023-12-08 07:47:55,717 INFO exited: nginx (exit status 1; not expected)
2023-12-08 07:47:56,724 INFO spawned: 'vsftpd' with pid 637
2023-12-08 07:47:56,739 INFO exited: vsftpd (exit status 2; not expected)
2023-12-08 07:47:57,753 INFO spawned: 'nginx' with pid 639
2023-12-08 07:47:57,789 INFO exited: nginx (exit status 1; not expected)
2023-12-08 07:47:59,833 INFO spawned: 'vsftpd' with pid 640
2023-12-08 07:47:59,848 INFO exited: vsftpd (exit status 2; not expected)
2023-12-08 07:48:00,954 INFO spawned: 'nginx' with pid 641
2023-12-08 07:48:00,955 INFO gave up: vsftpd entered FATAL state, too many start retries too quickly
2023-12-08 07:48:00,991 INFO exited: nginx (exit status 1; not expected)
2023-12-08 07:48:01,993 INFO gave up: nginx entered FATAL state, too many start retries too quickly
2023-12-08 07:59:36,710 CRIT Supervisor is running as root.  Privileges were not dropped because no user is specified in the config file.  If you intend to run as root, you can set user=root in the config file to avoid this message.
2023-12-08 07:59:36,721 INFO Included extra file "/etc/supervisor/conf.d/supervisord.conf" during parsing
2023-12-08 07:59:36,790 INFO RPC interface 'supervisor' initialized
2023-12-08 07:59:36,790 CRIT Server 'unix_http_server' running without any HTTP authentication checking
2023-12-08 07:59:36,791 INFO supervisord started with pid 1
2023-12-08 07:59:37,855 INFO spawned: 'php-fpm' with pid 620
2023-12-08 07:59:37,860 INFO spawned: 'nginx' with pid 621
2023-12-08 07:59:37,865 INFO spawned: 'nslcd' with pid 622
2023-12-08 07:59:37,870 INFO spawned: 'vsftpd' with pid 623
2023-12-08 07:59:37,875 INFO spawned: 'sftp' with pid 624
2023-12-08 07:59:38,014 INFO exited: vsftpd (exit status 2; not expected)
2023-12-08 07:59:39,451 INFO success: php-fpm entered RUNNING state, process has stayed up for > than 1 seconds (startsecs)
2023-12-08 07:59:39,452 INFO success: nginx entered RUNNING state, process has stayed up for > than 1 seconds (startsecs)
2023-12-08 07:59:39,452 INFO success: nslcd entered RUNNING state, process has stayed up for > than 1 seconds (startsecs)
2023-12-08 07:59:39,456 INFO spawned: 'vsftpd' with pid 625
2023-12-08 07:59:39,458 INFO success: sftp entered RUNNING state, process has stayed up for > than 1 seconds (startsecs)
2023-12-08 07:59:39,472 INFO exited: vsftpd (exit status 2; not expected)
2023-12-08 07:59:39,650 INFO exited: nginx (exit status 1; not expected)
2023-12-08 07:59:39,675 INFO spawned: 'nginx' with pid 631
2023-12-08 07:59:39,732 INFO exited: nginx (exit status 1; not expected)
2023-12-08 07:59:40,797 INFO spawned: 'nginx' with pid 634
2023-12-08 07:59:40,884 INFO exited: nginx (exit status 1; not expected)
2023-12-08 07:59:41,890 INFO spawned: 'vsftpd' with pid 637
2023-12-08 07:59:41,906 INFO exited: vsftpd (exit status 2; not expected)
2023-12-08 07:59:42,912 INFO spawned: 'nginx' with pid 639
2023-12-08 07:59:42,948 INFO exited: nginx (exit status 1; not expected)
2023-12-08 07:59:45,007 INFO spawned: 'vsftpd' with pid 640
2023-12-08 07:59:45,022 INFO exited: vsftpd (exit status 2; not expected)
2023-12-08 07:59:46,028 INFO spawned: 'nginx' with pid 641
2023-12-08 07:59:46,030 INFO gave up: vsftpd entered FATAL state, too many start retries too quickly
2023-12-08 07:59:46,065 INFO exited: nginx (exit status 1; not expected)
2023-12-08 07:59:47,164 INFO gave up: nginx entered FATAL state, too many start retries too quickly
2023-12-08 08:09:20,456 CRIT Supervisor is running as root.  Privileges were not dropped because no user is specified in the config file.  If you intend to run as root, you can set user=root in the config file to avoid this message.
2023-12-08 08:09:20,519 INFO Included extra file "/etc/supervisor/conf.d/supervisord.conf" during parsing
2023-12-08 08:09:20,721 INFO RPC interface 'supervisor' initialized
2023-12-08 08:09:20,722 CRIT Server 'unix_http_server' running without any HTTP authentication checking
2023-12-08 08:09:20,723 INFO supervisord started with pid 1
2023-12-08 08:09:21,748 INFO spawned: 'php-fpm' with pid 619
2023-12-08 08:09:21,750 INFO spawned: 'nginx' with pid 620
2023-12-08 08:09:21,753 INFO spawned: 'nslcd' with pid 621
2023-12-08 08:09:21,755 INFO spawned: 'vsftpd' with pid 622
2023-12-08 08:09:21,758 INFO spawned: 'sftp' with pid 623
2023-12-08 08:09:22,010 INFO exited: vsftpd (exit status 2; not expected)
2023-12-08 08:09:23,442 INFO success: php-fpm entered RUNNING state, process has stayed up for > than 1 seconds (startsecs)
2023-12-08 08:09:23,442 INFO success: nginx entered RUNNING state, process has stayed up for > than 1 seconds (startsecs)
2023-12-08 08:09:23,443 INFO success: nslcd entered RUNNING state, process has stayed up for > than 1 seconds (startsecs)
2023-12-08 08:09:23,446 INFO spawned: 'vsftpd' with pid 624
2023-12-08 08:09:23,448 INFO success: sftp entered RUNNING state, process has stayed up for > than 1 seconds (startsecs)
2023-12-08 08:09:23,464 INFO exited: vsftpd (exit status 2; not expected)
2023-12-08 08:09:25,556 INFO spawned: 'vsftpd' with pid 630
2023-12-08 08:09:25,558 INFO exited: nginx (exit status 1; not expected)
2023-12-08 08:09:25,593 INFO spawned: 'nginx' with pid 631
2023-12-08 08:09:25,622 INFO exited: vsftpd (exit status 2; not expected)
2023-12-08 08:09:25,713 INFO exited: nginx (exit status 1; not expected)
2023-12-08 08:09:26,725 INFO spawned: 'nginx' with pid 635
2023-12-08 08:09:26,762 INFO exited: nginx (exit status 1; not expected)
2023-12-08 08:09:28,769 INFO spawned: 'nginx' with pid 638
2023-12-08 08:09:28,774 INFO spawned: 'vsftpd' with pid 639
2023-12-08 08:09:28,808 INFO exited: vsftpd (exit status 2; not expected)
2023-12-08 08:09:28,812 INFO gave up: vsftpd entered FATAL state, too many start retries too quickly
2023-12-08 08:09:28,815 INFO exited: nginx (exit status 1; not expected)
2023-12-08 08:09:32,010 INFO spawned: 'nginx' with pid 640
2023-12-08 08:09:32,038 INFO exited: nginx (exit status 1; not expected)
2023-12-08 08:09:33,040 INFO gave up: nginx entered FATAL state, too many start retries too quickly
